SF:lib\features\sequence\blocs\sequence_calculator\sequence_calculator.bloc.dart
DA:9,4
DA:10,4
DA:11,3
DA:12,3
DA:17,3
DA:18,3
DA:19,1
DA:26,2
DA:30,2
DA:32,2
DA:33,6
DA:34,2
DA:35,2
DA:36,3
DA:37,3
DA:38,3
DA:39,3
DA:49,1
DA:50,1
DA:51,2
DA:52,2
DA:57,1
DA:58,1
DA:59,4
DA:60,1
DA:61,2
DA:63,4
DA:69,1
DA:70,1
DA:71,2
DA:72,4
DA:77,1
DA:78,1
DA:79,2
DA:80,2
DA:81,1
DA:82,2
DA:83,1
DA:85,2
DA:91,2
DA:96,2
DA:97,1
DA:99,4
DA:100,2
DA:102,0
DA:104,3
DA:107,2
LF:47
LH:46
end_of_record
SF:lib\features\sequence\blocs\sequence_calculator\sequence_calculator.event.dart
DA:4,4
DA:9,4
DA:15,2
DA:19,2
LF:4
LH:4
end_of_record
SF:lib\features\sequence\blocs\sequence_calculator\sequence_calculator.state.dart
DA:4,4
DA:15,2
DA:21,2
DA:22,1
DA:23,0
DA:24,1
DA:25,1
DA:28,2
DA:29,2
DA:30,2
DA:31,2
DA:32,2
DA:33,2
LF:13
LH:12
end_of_record
SF:lib\features\sequence\presentation\sequence_calculator.page.dart
DA:10,1
DA:12,1
DA:13,1
DA:14,1
DA:15,1
DA:16,1
DA:17,1
DA:18,3
DA:19,1
DA:20,2
DA:21,1
DA:25,1
DA:27,1
DA:28,1
DA:30,4
DA:31,2
DA:33,1
DA:35,3
DA:37,1
DA:38,1
DA:39,2
DA:42,1
DA:43,1
DA:49,1
DA:51,2
DA:52,3
DA:53,1
DA:54,1
DA:56,1
DA:57,3
DA:58,1
DA:59,1
DA:60,3
DA:61,3
DA:64,1
DA:66,1
DA:67,1
DA:71,1
DA:72,2
DA:83,1
DA:85,2
DA:86,1
DA:87,1
DA:89,1
LF:44
LH:44
end_of_record
SF:lib\features\sequence\cubits\sequence_screen\sequence_calculator.uicubit.dart
DA:12,1
DA:13,1
DA:14,5
DA:15,5
DA:16,3
DA:17,1
DA:18,3
DA:19,1
DA:20,3
DA:22,3
DA:25,1
DA:26,2
DA:27,1
DA:28,1
DA:29,4
DA:38,1
DA:39,3
DA:40,6
DA:43,1
DA:45,3
DA:46,2
DA:47,1
LF:22
LH:22
end_of_record
SF:lib\features\sequence\cubits\sequence_screen\sequence_calculator.uistate.dart
DA:6,2
DA:22,1
DA:29,1
DA:30,1
DA:31,1
DA:33,1
DA:34,1
DA:37,1
DA:38,1
DA:39,1
DA:40,1
DA:41,1
DA:42,1
DA:43,1
DA:44,1
LF:15
LH:15
end_of_record
SF:lib\features\sequence\presentation\components\result_section.component.dart
DA:9,1
DA:11,1
DA:12,1
DA:14,2
DA:15,2
DA:17,2
DA:18,2
DA:24,1
DA:25,2
DA:26,1
DA:27,0
DA:29,0
DA:31,0
DA:33,0
LF:14
LH:10
end_of_record
